

*******************************************************************************
Tue Jun 22 10:15:45 2021


FIT:    data read from "Out.data.txt" using 1:3
        format = x:z
        #datapoints = 15
        residuals are weighted equally (unit weight)

function used for fitting: f(x)
	f(x)=a/sqrt(x)
fitted parameters initialized with current variable values

iter      chisq       delta/lim  lambda   a            
   0 8.7763748036e-06   0.00e+00  1.37e-03    1.000000e+00
   3 7.0533894634e-06  -4.24e-05  1.37e-06    1.247126e+00

After 3 iterations the fit converged.
final sum of squares of residuals : 7.05339e-06
rel. change during last iteration : -4.23528e-10

degrees of freedom    (FIT_NDF)                        : 14
rms of residuals      (FIT_STDFIT) = sqrt(WSSR/ndf)    : 0.000709798
variance of residuals (reduced chisquare) = WSSR/ndf   : 5.03814e-07

Final set of parameters            Asymptotic Standard Error
=======================            ==========================
a               = 1.24713          +/- 0.1336       (10.72%)
